build/app/intermediates/manifest_merge_blame_file/debug/manifest-merger-blame-debug-report.txt
1<?xml version="1.0" encoding="utf-8"?>
2<manifest xmlns:android="http://schemas.android.com/apk/res/android"
3    package="com.example.covid_stats"
4    android:versionCode="1"
5    android:versionName="1.0.0" >
6
7    <uses-sdk
8        android:minSdkVersion="16"
9        android:targetSdkVersion="28" />
10    <!--
11         Flutter needs it to communicate with the running application
12         to allow setting breakpoints, to provide hot reload, etc.
13    -->
14    <uses-permission android:name="android.permission.INTERNET" />
14-->src\debug\AndroidManifest.xml:6:5-66
14-->src\debug\AndroidManifest.xml:6:22-64
15    <uses-permission android:name="android.permission.ACCESS_FINE_LOCATION" /> <!-- Include required permissions for Google Maps API to run. -->
15-->[:geolocator] AndroidManifest.xml:7:5-79
15-->[:geolocator] AndroidManifest.xml:7:22-76
16    <uses-permission android:name="android.permission.ACCESS_NETWORK_STATE" />
16-->[com.google.android.gms:play-services-maps:17.0.0] AndroidManifest.xml:23:5-79
16-->[com.google.android.gms:play-services-maps:17.0.0] AndroidManifest.xml:23:22-76
17
18    <uses-feature
18-->[com.google.android.gms:play-services-maps:17.0.0] AndroidManifest.xml:26:5-28:35
19        android:glEsVersion="0x00020000"
19-->[com.google.android.gms:play-services-maps:17.0.0] AndroidManifest.xml:27:9-41
20        android:required="true" />
20-->[com.google.android.gms:play-services-maps:17.0.0] AndroidManifest.xml:28:9-32
21
22    <uses-permission android:name="android.permission.WAKE_LOCK" /> <!-- Required by older versions of Google Play services to create IID tokens -->
22-->[com.google.android.gms:play-services-measurement-api:17.0.0] AndroidManifest.xml:24:5-68
22-->[com.google.android.gms:play-services-measurement-api:17.0.0] AndroidManifest.xml:24:22-65
23    <uses-permission android:name="com.google.android.c2dm.permission.RECEIVE" />
23-->[com.google.firebase:firebase-iid:19.0.0] AndroidManifest.xml:26:5-82
23-->[com.google.firebase:firebase-iid:19.0.0] AndroidManifest.xml:26:22-79
24    <uses-permission android:name="com.google.android.finsky.permission.BIND_GET_INSTALL_REFERRER_SERVICE" />
24-->[com.google.android.gms:play-services-measurement:17.0.0] AndroidManifest.xml:26:5-110
24-->[com.google.android.gms:play-services-measurement:17.0.0] AndroidManifest.xml:26:22-107
25    <!--
26 io.flutter.app.FlutterApplication is an android.app.Application that
27         calls FlutterMain.startInitialization(this); in its onCreate method.
28         In most cases you can leave this as-is, but you if you want to provide
29         additional functionality it is fine to subclass or reimplement
30         FlutterApplication and put your custom class here.
31    -->
32    <application
32-->src\main\AndroidManifest.xml:8:5-50:19
33        android:name="io.flutter.app.FlutterApplication"
33-->src\main\AndroidManifest.xml:9:9-57
34        android:appComponentFactory="androidx.core.app.CoreComponentFactory"
34-->[androidx.core:core:1.2.0] AndroidManifest.xml:24:18-86
35        android:debuggable="true"
36        android:icon="@mipmap/ic_launcher"
36-->src\main\AndroidManifest.xml:11:9-43
37        android:label="covid_stats" >
37-->src\main\AndroidManifest.xml:10:9-36
38        <meta-data
38-->src\main\AndroidManifest.xml:12:9-13:77
39            android:name="com.google.android.geo.API_KEY"
39-->src\main\AndroidManifest.xml:12:20-65
40            android:value="AIzaSyAUinzxu3VJ0X_YyAe3xOVm1Kglx4CThxE" />
40-->src\main\AndroidManifest.xml:13:20-75
41        <meta-data
41-->src\main\AndroidManifest.xml:14:9-15:76
42            android:name="com.google.android.gms.ads.APPLICATION_ID"
42-->src\main\AndroidManifest.xml:14:20-76
43            android:value="ca-app-pub-7128717115913779~3878582098" />
43-->src\main\AndroidManifest.xml:15:20-74
44
45        <activity
45-->src\main\AndroidManifest.xml:16:9-44:20
46            android:name="com.example.covid_stats.MainActivity"
46-->src\main\AndroidManifest.xml:17:13-41
47            android:configChanges="orientation|keyboardHidden|keyboard|screenSize|smallestScreenSize|locale|layoutDirection|fontScale|screenLayout|density|uiMode"
47-->src\main\AndroidManifest.xml:20:13-163
48            android:hardwareAccelerated="true"
48-->src\main\AndroidManifest.xml:21:13-47
49            android:launchMode="singleTop"
49-->src\main\AndroidManifest.xml:18:13-43
50            android:theme="@style/LaunchTheme"
50-->src\main\AndroidManifest.xml:19:13-47
51            android:windowSoftInputMode="adjustResize" >
51-->src\main\AndroidManifest.xml:22:13-55
52
53            <!--
54                 Specifies an Android theme to apply to this Activity as soon as
55                 the Android process has started. This theme is visible to the user
56                 while the Flutter UI initializes. After that, this theme continues
57                 to determine the Window background behind the Flutter UI.
58            -->
59            <meta-data
59-->src\main\AndroidManifest.xml:27:13-30:17
60                android:name="io.flutter.embedding.android.NormalTheme"
60-->src\main\AndroidManifest.xml:28:15-70
61                android:resource="@style/NormalTheme" />
61-->src\main\AndroidManifest.xml:29:15-52
62            <!--
63                 Displays an Android View that continues showing the launch screen
64                 Drawable until Flutter paints its first frame, then this splash
65                 screen fades out. A splash screen is useful to avoid any visual
66                 gap between the end of Android's launch screen and the painting of
67                 Flutter's first frame.
68            -->
69            <meta-data
69-->src\main\AndroidManifest.xml:36:13-39:17
70                android:name="io.flutter.embedding.android.SplashScreenDrawable"
70-->src\main\AndroidManifest.xml:37:15-79
71                android:resource="@drawable/launch_background" />
71-->src\main\AndroidManifest.xml:38:15-61
72
73            <intent-filter>
73-->src\main\AndroidManifest.xml:40:13-43:29
74                <action android:name="android.intent.action.MAIN" />
74-->src\main\AndroidManifest.xml:41:17-68
74-->src\main\AndroidManifest.xml:41:25-66
75
76                <category android:name="android.intent.category.LAUNCHER" />
76-->src\main\AndroidManifest.xml:42:17-76
76-->src\main\AndroidManifest.xml:42:27-74
77            </intent-filter>
78        </activity>
79        <!--
80             Don't delete the meta-data below.
81             This is used by the Flutter tool to generate GeneratedPluginRegistrant.java
82        -->
83        <meta-data
83-->src\main\AndroidManifest.xml:47:9-49:33
84            android:name="flutterEmbedding"
84-->src\main\AndroidManifest.xml:48:13-44
85            android:value="2" />
85-->src\main\AndroidManifest.xml:49:13-30
86
87        <service
87-->[:firebase_core] AndroidManifest.xml:8:9-12:19
88            android:name="com.google.firebase.components.ComponentDiscoveryService"
88-->[:firebase_core] AndroidManifest.xml:8:18-89
89            android:exported="false" >
89-->[com.google.android.gms:play-services-measurement-api:17.0.0] AndroidManifest.xml:29:13-37
90            <meta-data
90-->[:firebase_core] AndroidManifest.xml:9:13-11:85
91                android:name="com.google.firebase.components:io.flutter.plugins.firebase.core.FlutterFirebaseAppRegistrar"
91-->[:firebase_core] AndroidManifest.xml:10:17-123
92                android:value="com.google.firebase.components.ComponentRegistrar" />
92-->[:firebase_core] AndroidManifest.xml:11:17-82
93            <meta-data
93-->[com.google.android.gms:play-services-measurement-api:17.0.0] AndroidManifest.xml:30:13-32:85
94                android:name="com.google.firebase.components:com.google.firebase.analytics.connector.internal.AnalyticsConnectorRegistrar"
94-->[com.google.android.gms:play-services-measurement-api:17.0.0] AndroidManifest.xml:31:17-139
95                android:value="com.google.firebase.components.ComponentRegistrar" />
95-->[com.google.android.gms:play-services-measurement-api:17.0.0] AndroidManifest.xml:32:17-82
96            <meta-data
96-->[com.google.firebase:firebase-iid:19.0.0] AndroidManifest.xml:32:13-34:85
97                android:name="com.google.firebase.components:com.google.firebase.iid.Registrar"
97-->[com.google.firebase:firebase-iid:19.0.0] AndroidManifest.xml:33:17-96
98                android:value="com.google.firebase.components.ComponentRegistrar" />
98-->[com.google.firebase:firebase-iid:19.0.0] AndroidManifest.xml:34:17-82
99        </service> <!-- Needs to be explicitly declared on P+ -->
100        <uses-library
100-->[com.google.android.gms:play-services-maps:17.0.0] AndroidManifest.xml:33:9-35:40
101            android:name="org.apache.http.legacy"
101-->[com.google.android.gms:play-services-maps:17.0.0] AndroidManifest.xml:34:13-50
102            android:required="false" />
102-->[com.google.android.gms:play-services-maps:17.0.0] AndroidManifest.xml:35:13-37
103
104        <receiver
104-->[com.google.firebase:firebase-iid:19.0.0] AndroidManifest.xml:37:9-44:20
105            android:name="com.google.firebase.iid.FirebaseInstanceIdReceiver"
105-->[com.google.firebase:firebase-iid:19.0.0] AndroidManifest.xml:38:13-78
106            android:exported="true"
106-->[com.google.firebase:firebase-iid:19.0.0] AndroidManifest.xml:39:13-36
107            android:permission="com.google.android.c2dm.permission.SEND" >
107-->[com.google.firebase:firebase-iid:19.0.0] AndroidManifest.xml:40:13-73
108            <intent-filter>
108-->[com.google.firebase:firebase-iid:19.0.0] AndroidManifest.xml:41:13-43:29
109                <action android:name="com.google.android.c2dm.intent.RECEIVE" />
109-->[com.google.firebase:firebase-iid:19.0.0] AndroidManifest.xml:42:17-81
109-->[com.google.firebase:firebase-iid:19.0.0] AndroidManifest.xml:42:25-78
110            </intent-filter>
111        </receiver>
112
113        <activity
113-->[com.google.android.gms:play-services-base:17.2.1] AndroidManifest.xml:23:9-26:75
114            android:name="com.google.android.gms.common.api.GoogleApiActivity"
114-->[com.google.android.gms:play-services-base:17.2.1] AndroidManifest.xml:24:13-79
115            android:exported="false"
115-->[com.google.android.gms:play-services-base:17.2.1] AndroidManifest.xml:25:13-37
116            android:theme="@android:style/Theme.Translucent.NoTitleBar" />
116-->[com.google.android.gms:play-services-base:17.2.1] AndroidManifest.xml:26:13-72
117
118        <provider
118-->[com.google.firebase:firebase-common:18.0.0] AndroidManifest.xml:12:9-16:39
119            android:name="com.google.firebase.provider.FirebaseInitProvider"
119-->[com.google.firebase:firebase-common:18.0.0] AndroidManifest.xml:13:13-77
120            android:authorities="com.example.covid_stats.firebaseinitprovider"
120-->[com.google.firebase:firebase-common:18.0.0] AndroidManifest.xml:14:13-72
121            android:exported="false"
121-->[com.google.firebase:firebase-common:18.0.0] AndroidManifest.xml:15:13-37
122            android:initOrder="100" /> <!-- Include the AdActivity and InAppPurchaseActivity configChanges and themes. -->
122-->[com.google.firebase:firebase-common:18.0.0] AndroidManifest.xml:16:13-36
123        <activity
123-->[com.google.android.gms:play-services-ads-lite:18.1.1] AndroidManifest.xml:29:9-33:64
124            android:name="com.google.android.gms.ads.AdActivity"
124-->[com.google.android.gms:play-services-ads-lite:18.1.1] AndroidManifest.xml:30:13-65
125            android:configChanges="keyboard|keyboardHidden|orientation|screenLayout|uiMode|screenSize|smallestScreenSize"
125-->[com.google.android.gms:play-services-ads-lite:18.1.1] AndroidManifest.xml:31:13-122
126            android:exported="false"
126-->[com.google.android.gms:play-services-ads-lite:18.1.1] AndroidManifest.xml:32:13-37
127            android:theme="@android:style/Theme.Translucent" />
127-->[com.google.android.gms:play-services-ads-lite:18.1.1] AndroidManifest.xml:33:13-61
128
129        <provider
129-->[com.google.android.gms:play-services-ads-lite:18.1.1] AndroidManifest.xml:35:9-39:39
130            android:name="com.google.android.gms.ads.MobileAdsInitProvider"
130-->[com.google.android.gms:play-services-ads-lite:18.1.1] AndroidManifest.xml:36:13-76
131            android:authorities="com.example.covid_stats.mobileadsinitprovider"
131-->[com.google.android.gms:play-services-ads-lite:18.1.1] AndroidManifest.xml:37:13-73
132            android:exported="false"
132-->[com.google.android.gms:play-services-ads-lite:18.1.1] AndroidManifest.xml:38:13-37
133            android:initOrder="100" />
133-->[com.google.android.gms:play-services-ads-lite:18.1.1] AndroidManifest.xml:39:13-36
134
135        <receiver
135-->[com.google.android.gms:play-services-measurement:17.0.0] AndroidManifest.xml:29:9-33:20
136            android:name="com.google.android.gms.measurement.AppMeasurementReceiver"
136-->[com.google.android.gms:play-services-measurement:17.0.0] AndroidManifest.xml:30:13-85
137            android:enabled="true"
137-->[com.google.android.gms:play-services-measurement:17.0.0] AndroidManifest.xml:31:13-35
138            android:exported="false" >
138-->[com.google.android.gms:play-services-measurement:17.0.0] AndroidManifest.xml:32:13-37
139        </receiver>
140        <receiver
140-->[com.google.android.gms:play-services-measurement:17.0.0] AndroidManifest.xml:34:9-42:20
141            android:name="com.google.android.gms.measurement.AppMeasurementInstallReferrerReceiver"
141-->[com.google.android.gms:play-services-measurement:17.0.0] AndroidManifest.xml:35:13-100
142            android:enabled="true"
142-->[com.google.android.gms:play-services-measurement:17.0.0] AndroidManifest.xml:36:13-35
143            android:exported="true"
143-->[com.google.android.gms:play-services-measurement:17.0.0] AndroidManifest.xml:37:13-36
144            android:permission="android.permission.INSTALL_PACKAGES" >
144-->[com.google.android.gms:play-services-measurement:17.0.0] AndroidManifest.xml:38:13-69
145            <intent-filter>
145-->[com.google.android.gms:play-services-measurement:17.0.0] AndroidManifest.xml:39:13-41:29
146                <action android:name="com.android.vending.INSTALL_REFERRER" />
146-->[com.google.android.gms:play-services-measurement:17.0.0] AndroidManifest.xml:40:17-79
146-->[com.google.android.gms:play-services-measurement:17.0.0] AndroidManifest.xml:40:25-76
147            </intent-filter>
148        </receiver>
149
150        <service
150-->[com.google.android.gms:play-services-measurement:17.0.0] AndroidManifest.xml:44:9-47:40
151            android:name="com.google.android.gms.measurement.AppMeasurementService"
151-->[com.google.android.gms:play-services-measurement:17.0.0] AndroidManifest.xml:45:13-84
152            android:enabled="true"
152-->[com.google.android.gms:play-services-measurement:17.0.0] AndroidManifest.xml:46:13-35
153            android:exported="false" />
153-->[com.google.android.gms:play-services-measurement:17.0.0] AndroidManifest.xml:47:13-37
154        <service
154-->[com.google.android.gms:play-services-measurement:17.0.0] AndroidManifest.xml:48:9-52:72
155            android:name="com.google.android.gms.measurement.AppMeasurementJobService"
155-->[com.google.android.gms:play-services-measurement:17.0.0] AndroidManifest.xml:49:13-87
156            android:enabled="true"
156-->[com.google.android.gms:play-services-measurement:17.0.0] AndroidManifest.xml:50:13-35
157            android:exported="false"
157-->[com.google.android.gms:play-services-measurement:17.0.0] AndroidManifest.xml:51:13-37
158            android:permission="android.permission.BIND_JOB_SERVICE" />
158-->[com.google.android.gms:play-services-measurement:17.0.0] AndroidManifest.xml:52:13-69
159
160        <meta-data
160-->[com.google.android.gms:play-services-basement:17.2.1] AndroidManifest.xml:23:9-25:69
161            android:name="com.google.android.gms.version"
161-->[com.google.android.gms:play-services-basement:17.2.1] AndroidManifest.xml:24:13-58
162            android:value="@integer/google_play_services_version" />
162-->[com.google.android.gms:play-services-basement:17.2.1] AndroidManifest.xml:25:13-66
163    </application>
164
165</manifest>